<?xml version="1.0" encoding="UTF-8"?>
<!-- Generated by org.testng.reporters.JUnitReportReporter -->
<testsuite hostname="LAPTOP-T89JRIMG" failures="0" tests="3" name="com.testBox.TextBoxesPage" time="0.010" errors="0" timestamp="2022-12-08T20:54:48 IST" skipped="0">
  <testcase classname="com.testBox.TextBoxesPage" name="TextBoxPage_TC002" time="0.001"/>
  <system-out/>
  <testcase classname="com.testBox.TextBoxesPage" name="TextBoxPage_TC001" time="0.008"/>
  <system-out/>
  <testcase classname="com.testBox.TextBoxesPage" name="TextBoxPage_TC003" time="0.001"/>
  <system-out/>
</testsuite> <!-- com.testBox.TextBoxesPage -->
