<?xml version="1.0" encoding="UTF-8"?>
<!-- Generated by org.testng.reporters.JUnitReportReporter -->
<testsuite hostname="LAPTOP-T89JRIMG" failures="0" tests="2" name="com.testBox.RadioBtnPage" time="0.002" errors="0" timestamp="2022-12-08T20:54:48 IST" skipped="0">
  <testcase classname="com.testBox.RadioBtnPage" name="RadioBtnPage_TC001" time="0.002"/>
  <system-out/>
  <testcase classname="com.testBox.RadioBtnPage" name="RadioBtnPage_TC002" time="0.000"/>
  <system-out/>
</testsuite> <!-- com.testBox.RadioBtnPage -->
